<?xml version="1.0" encoding="UTF-8"?>
<!-- Generated by org.testng.reporters.JUnitXMLReporter -->
<testsuite ignored="0" hostname="LAPTOP-SIRHIF0P" failures="0" tests="10" name="Tutorials Ninja Testcases" time="181.491" errors="0" timestamp="2023-04-08T12:27:18 IST">
  <testcase classname="com.tutorialsNinjaTestcases.RegisterTest" name="verifyRegisteringAccountWithMandotoryFields" time="4.032"/>
  <testcase classname="com.tutorialsNinjaTestcases.RegisterTest" name="verifyRegisteringAccountByProvidingAllFields" time="2.789"/>
  <testcase classname="com.tutorialsNinjaTestcases.RegisterTest" name="verifyRegisteringWithExistingEmailAddress" time="0.967"/>
  <testcase classname="com.tutorialsNinjaTestcases.RegisterTest" name="verifyRegisteringWithEmptyFields" time="0.601"/>
  <testcase classname="com.tutorialsNinjaTestcases.LoginTest" name="verifyLoginWithValidCredentials" time="0.699"/>
  <testcase classname="com.tutorialsNinjaTestcases.LoginTest" name="verifyLoginWithValidCredentials" time="0.645"/>
  <testcase classname="com.tutorialsNinjaTestcases.LoginTest" name="verifyLoginWithInvalidCredentials" time="0.877"/>
  <testcase classname="com.tutorialsNinjaTestcases.SearchTest" name="verifySearchWithValidProduct" time="0.428"/>
  <testcase classname="com.tutorialsNinjaTestcases.SearchTest" name="verifySearchWithInvalidProduct" time="0.407"/>
  <testcase classname="com.tutorialsNinjaTestcases.SearchTest" name="verifySearchWithoutAnyProduct" time="5.514"/>
</testsuite> <!-- Tutorials Ninja Testcases -->
